<?xml version="1.0" encoding="UTF-8"?>
<!-- Generated by org.testng.reporters.JUnitXMLReporter -->
<testsuite hostname="NOIKAJAHP2480" name="Test" tests="3" failures="0" timestamp="17 Jul 2017 05:36:54 GMT" time="0.219" errors="0">
  <testcase name="@BeforeTest getBrowser" time="0.0" classname="base.Base">
    <failure type="org.testng.TestNGException" message="
Method getBrowser requires 1 parameters but 0 were supplied in the @Configuration annotation.">
      <![CDATA[org.testng.TestNGException: 
Method getBrowser requires 1 parameters but 0 were supplied in the @Configuration annotation.
... Removed 20 stack frames]]>
    </failure>
  </testcase> <!-- @BeforeTest getBrowser -->
  <testcase name="@AfterTest closeBrowser" time="0.0" classname="base.Base">
    <skipped/>
  </testcase> <!-- @AfterTest closeBrowser -->
  <testcase name="findAllLinks" time="0.01" classname="base.Base">
    <skipped/>
  </testcase> <!-- findAllLinks -->
  <testcase name="readFontProperty" time="0.002" classname="base.Base">
    <skipped/>
  </testcase> <!-- readFontProperty -->
  <testcase name="searchBox" time="0.001" classname="base.Base">
    <skipped/>
  </testcase> <!-- searchBox -->
</testsuite> <!-- Test -->
